F:\C++TEST\NIUKE\ALI_NEITUI\ALI_NEITUI\DEBUG\ALI_NEITUI.EXE.EMBED.MANIFEST
F:\C++TEST\NIUKE\ALI_NEITUI\ALI_NEITUI\DEBUG\ALI_NEITUI.EXE.EMBED.MANIFEST.RES
F:\C++TEST\NIUKE\ALI_NEITUI\ALI_NEITUI\DEBUG\ALI_NEITUI.EXE.INTERMEDIATE.MANIFEST
F:\C++test\niuke\ali_neitui\ali_neitui\Debug\ali_neitui.vcxprojResolveAssemblyReference.cache
F:\C++test\niuke\ali_neitui\ali_neitui\Debug\ali_neitui.write.1.tlog
F:\C++test\niuke\ali_neitui\ali_neitui\Debug\ali_neitui_manifest.rc
F:\C++test\niuke\ali_neitui\ali_neitui\Debug\cl.command.1.tlog
F:\C++test\niuke\ali_neitui\ali_neitui\Debug\CL.read.1.tlog
F:\C++test\niuke\ali_neitui\ali_neitui\Debug\CL.write.1.tlog
F:\C++test\niuke\ali_neitui\ali_neitui\Debug\link.8528.read.1.tlog
F:\C++test\niuke\ali_neitui\ali_neitui\Debug\link.8528.write.1.tlog
F:\C++test\niuke\ali_neitui\ali_neitui\Debug\link.8528-cvtres.read.1.tlog
F:\C++test\niuke\ali_neitui\ali_neitui\Debug\link.8528-cvtres.write.1.tlog
F:\C++test\niuke\ali_neitui\ali_neitui\Debug\link.9944.read.1.tlog
F:\C++test\niuke\ali_neitui\ali_neitui\Debug\link.9944.write.1.tlog
F:\C++test\niuke\ali_neitui\ali_neitui\Debug\link.9944-cvtres.read.1.tlog
F:\C++test\niuke\ali_neitui\ali_neitui\Debug\link.9944-cvtres.write.1.tlog
F:\C++test\niuke\ali_neitui\ali_neitui\Debug\link.command.1.tlog
F:\C++test\niuke\ali_neitui\ali_neitui\Debug\link.read.1.tlog
F:\C++test\niuke\ali_neitui\ali_neitui\Debug\link.write.1.tlog
F:\C++test\niuke\ali_neitui\ali_neitui\Debug\link-cvtres.read.1.tlog
F:\C++test\niuke\ali_neitui\ali_neitui\Debug\link-cvtres.write.1.tlog
F:\C++TEST\NIUKE\ALI_NEITUI\ALI_NEITUI\DEBUG\MAIN.OBJ
F:\C++test\niuke\ali_neitui\ali_neitui\Debug\mt.command.1.tlog
F:\C++test\niuke\ali_neitui\ali_neitui\Debug\mt.read.1.tlog
F:\C++test\niuke\ali_neitui\ali_neitui\Debug\mt.write.1.tlog
F:\C++test\niuke\ali_neitui\ali_neitui\Debug\rc.command.1.tlog
F:\C++test\niuke\ali_neitui\ali_neitui\Debug\rc.read.1.tlog
F:\C++test\niuke\ali_neitui\ali_neitui\Debug\rc.write.1.tlog
F:\C++test\niuke\ali_neitui\ali_neitui\Debug\vc100.idb
F:\C++TEST\NIUKE\ALI_NEITUI\ALI_NEITUI\DEBUG\VC100.PDB
F:\C++TEST\NIUKE\ALI_NEITUI\DEBUG\ALI_NEITUI.EXE
F:\C++TEST\NIUKE\ALI_NEITUI\DEBUG\ALI_NEITUI.ILK
F:\C++TEST\NIUKE\ALI_NEITUI\DEBUG\ALI_NEITUI.PDB
