F:\C++TEST\DIDI\DEBUG\DIDI.EXE
F:\C++TEST\DIDI\DEBUG\DIDI.ILK
F:\C++TEST\DIDI\DEBUG\DIDI.PDB
F:\C++test\didi\didi\Debug\cl.command.1.tlog
F:\C++test\didi\didi\Debug\CL.read.1.tlog
F:\C++test\didi\didi\Debug\CL.write.1.tlog
F:\C++TEST\DIDI\DIDI\DEBUG\DIDI.EXE.EMBED.MANIFEST
F:\C++TEST\DIDI\DIDI\DEBUG\DIDI.EXE.EMBED.MANIFEST.RES
F:\C++TEST\DIDI\DIDI\DEBUG\DIDI.EXE.INTERMEDIATE.MANIFEST
F:\C++test\didi\didi\Debug\didi.vcxprojResolveAssemblyReference.cache
F:\C++test\didi\didi\Debug\didi.write.1.tlog
F:\C++test\didi\didi\Debug\didi_manifest.rc
F:\C++test\didi\didi\Debug\link.18596.read.1.tlog
F:\C++test\didi\didi\Debug\link.18596.write.1.tlog
F:\C++test\didi\didi\Debug\link.18596-cvtres.read.1.tlog
F:\C++test\didi\didi\Debug\link.18596-cvtres.write.1.tlog
F:\C++test\didi\didi\Debug\link.20712.read.1.tlog
F:\C++test\didi\didi\Debug\link.20712.write.1.tlog
F:\C++test\didi\didi\Debug\link.20712-cvtres.read.1.tlog
F:\C++test\didi\didi\Debug\link.20712-cvtres.write.1.tlog
F:\C++test\didi\didi\Debug\link.5416.read.1.tlog
F:\C++test\didi\didi\Debug\link.5416.write.1.tlog
F:\C++test\didi\didi\Debug\link.5416-cvtres.read.1.tlog
F:\C++test\didi\didi\Debug\link.5416-cvtres.write.1.tlog
F:\C++test\didi\didi\Debug\link.command.1.tlog
F:\C++test\didi\didi\Debug\link.read.1.tlog
F:\C++test\didi\didi\Debug\link.write.1.tlog
F:\C++test\didi\didi\Debug\link-cvtres.read.1.tlog
F:\C++test\didi\didi\Debug\link-cvtres.write.1.tlog
F:\C++TEST\DIDI\DIDI\DEBUG\MAIN.OBJ
F:\C++test\didi\didi\Debug\mt.command.1.tlog
F:\C++test\didi\didi\Debug\mt.read.1.tlog
F:\C++test\didi\didi\Debug\mt.write.1.tlog
F:\C++test\didi\didi\Debug\rc.command.1.tlog
F:\C++test\didi\didi\Debug\rc.read.1.tlog
F:\C++test\didi\didi\Debug\rc.write.1.tlog
F:\C++test\didi\didi\Debug\vc100.idb
F:\C++TEST\DIDI\DIDI\DEBUG\VC100.PDB
