生成启动时间为 2017/6/21 15:40:18。
     1>项目“C:\Users\zb\documents\visual studio 2010\Projects\niucow\niucow\niucow.vcxproj”在节点 2 上(build 个目标)。
     1>InitializeBuildStatus:
         正在对“Debug\niucow.unsuccessfulbuild”执行 Touch 任务。
       ClCompile:
         d:\VisualStudio2010\VC\bin\CL.exe /c /ZI /nologo /W3 /WX- /Od /Oy- /D WIN32 /D _DEBUG /D _CONSOLE /D _UNICODE /D UNICODE /Gm /EHsc /RTC1 /MDd /GS /fp:precise /Zc:wchar_t /Zc:forScope /Fo"Debug\\" /Fd"Debug\vc100.pdb" /Gd /TP /analyze- /errorReport:prompt main.cpp
         main.cpp
     1>c:\users\zb\documents\visual studio 2010\projects\niucow\niucow\main.cpp(124): warning C4018: “>”: 有符号/无符号不匹配
     1>c:\users\zb\documents\visual studio 2010\projects\niucow\niucow\main.cpp(124): warning C4018: “>”: 有符号/无符号不匹配
       ManifestResourceCompile:
         所有输出均为最新。
       Link:
         d:\VisualStudio2010\VC\bin\link.exe /ERRORREPORT:PROMPT /OUT:"C:\Users\zb\documents\visual studio 2010\Projects\niucow\Debug\niucow.exe" /INCREMENTAL /NOLOGO kernel32.lib user32.lib gdi32.lib winspool.lib comdlg32.lib advapi32.lib shell32.lib ole32.lib oleaut32.lib uuid.lib odbc32.lib odbccp32.lib /MANIFEST /ManifestFile:"Debug\niucow.exe.intermediate.manifest" /MANIFESTUAC:"level='asInvoker' uiAccess='false'" /DEBUG /PDB:"C:\Users\zb\documents\visual studio 2010\Projects\niucow\Debug\niucow.pdb" /SUBSYSTEM:CONSOLE /TLBID:1 /DYNAMICBASE /NXCOMPAT /IMPLIB:"C:\Users\zb\documents\visual studio 2010\Projects\niucow\Debug\niucow.lib" /MACHINE:X86 Debug\niucow.exe.embed.manifest.res
         Debug\main.obj
       Manifest:
         C:\Program Files (x86)\Microsoft SDKs\Windows\v7.0A\bin\mt.exe /nologo /verbose /out:"Debug\niucow.exe.embed.manifest" /manifest Debug\niucow.exe.intermediate.manifest
         所有输出均为最新。
       LinkEmbedManifest:
         所有输出均为最新。
         niucow.vcxproj -> C:\Users\zb\documents\visual studio 2010\Projects\niucow\Debug\niucow.exe
       FinalizeBuildStatus:
         正在删除文件“Debug\niucow.unsuccessfulbuild”。
         正在对“Debug\niucow.lastbuildstate”执行 Touch 任务。
     1>已完成生成项目“C:\Users\zb\documents\visual studio 2010\Projects\niucow\niucow\niucow.vcxproj”(build 个目标)的操作。

生成成功。

已用时间 00:00:00.71
