F:\C++TEST\AIQIYI\AIQIYI\DEBUG\AIQIYI.EXE.EMBED.MANIFEST
F:\C++TEST\AIQIYI\AIQIYI\DEBUG\AIQIYI.EXE.EMBED.MANIFEST.RES
F:\C++TEST\AIQIYI\AIQIYI\DEBUG\AIQIYI.EXE.INTERMEDIATE.MANIFEST
F:\C++test\aiqiyi\aiqiyi\Debug\aiqiyi.vcxprojResolveAssemblyReference.cache
F:\C++test\aiqiyi\aiqiyi\Debug\aiqiyi.write.1.tlog
F:\C++test\aiqiyi\aiqiyi\Debug\aiqiyi_manifest.rc
F:\C++test\aiqiyi\aiqiyi\Debug\cl.command.1.tlog
F:\C++test\aiqiyi\aiqiyi\Debug\CL.read.1.tlog
F:\C++test\aiqiyi\aiqiyi\Debug\CL.write.1.tlog
F:\C++test\aiqiyi\aiqiyi\Debug\link.15336.read.1.tlog
F:\C++test\aiqiyi\aiqiyi\Debug\link.15336.write.1.tlog
F:\C++test\aiqiyi\aiqiyi\Debug\link.15336-cvtres.read.1.tlog
F:\C++test\aiqiyi\aiqiyi\Debug\link.15336-cvtres.write.1.tlog
F:\C++test\aiqiyi\aiqiyi\Debug\link.16500.read.1.tlog
F:\C++test\aiqiyi\aiqiyi\Debug\link.16500.write.1.tlog
F:\C++test\aiqiyi\aiqiyi\Debug\link.16500-cvtres.read.1.tlog
F:\C++test\aiqiyi\aiqiyi\Debug\link.16500-cvtres.write.1.tlog
F:\C++test\aiqiyi\aiqiyi\Debug\link.21020.read.1.tlog
F:\C++test\aiqiyi\aiqiyi\Debug\link.21020.write.1.tlog
F:\C++test\aiqiyi\aiqiyi\Debug\link.21020-cvtres.read.1.tlog
F:\C++test\aiqiyi\aiqiyi\Debug\link.21020-cvtres.write.1.tlog
F:\C++test\aiqiyi\aiqiyi\Debug\link.21232.read.1.tlog
F:\C++test\aiqiyi\aiqiyi\Debug\link.21232.write.1.tlog
F:\C++test\aiqiyi\aiqiyi\Debug\link.21232-cvtres.read.1.tlog
F:\C++test\aiqiyi\aiqiyi\Debug\link.21232-cvtres.write.1.tlog
F:\C++test\aiqiyi\aiqiyi\Debug\link.5748.read.1.tlog
F:\C++test\aiqiyi\aiqiyi\Debug\link.5748.write.1.tlog
F:\C++test\aiqiyi\aiqiyi\Debug\link.5748-cvtres.read.1.tlog
F:\C++test\aiqiyi\aiqiyi\Debug\link.5748-cvtres.write.1.tlog
F:\C++test\aiqiyi\aiqiyi\Debug\link.command.1.tlog
F:\C++test\aiqiyi\aiqiyi\Debug\link.read.1.tlog
F:\C++test\aiqiyi\aiqiyi\Debug\link.write.1.tlog
F:\C++test\aiqiyi\aiqiyi\Debug\link-cvtres.read.1.tlog
F:\C++test\aiqiyi\aiqiyi\Debug\link-cvtres.write.1.tlog
F:\C++TEST\AIQIYI\AIQIYI\DEBUG\MAIN.OBJ
F:\C++test\aiqiyi\aiqiyi\Debug\mt.command.1.tlog
F:\C++test\aiqiyi\aiqiyi\Debug\mt.read.1.tlog
F:\C++test\aiqiyi\aiqiyi\Debug\mt.write.1.tlog
F:\C++test\aiqiyi\aiqiyi\Debug\rc.command.1.tlog
F:\C++test\aiqiyi\aiqiyi\Debug\rc.read.1.tlog
F:\C++test\aiqiyi\aiqiyi\Debug\rc.write.1.tlog
F:\C++test\aiqiyi\aiqiyi\Debug\vc100.idb
F:\C++TEST\AIQIYI\AIQIYI\DEBUG\VC100.PDB
F:\C++TEST\AIQIYI\DEBUG\AIQIYI.EXE
F:\C++TEST\AIQIYI\DEBUG\AIQIYI.ILK
F:\C++TEST\AIQIYI\DEBUG\AIQIYI.PDB
