F:\C++TEST\JINGDONG\DEBUG\JINGDONG.EXE
F:\C++TEST\JINGDONG\DEBUG\JINGDONG.ILK
F:\C++TEST\JINGDONG\DEBUG\JINGDONG.PDB
F:\C++test\jingdong\jingdong\Debug\cl.command.1.tlog
F:\C++test\jingdong\jingdong\Debug\CL.read.1.tlog
F:\C++test\jingdong\jingdong\Debug\CL.write.1.tlog
F:\C++TEST\JINGDONG\JINGDONG\DEBUG\JINGDONG.EXE.EMBED.MANIFEST
F:\C++TEST\JINGDONG\JINGDONG\DEBUG\JINGDONG.EXE.EMBED.MANIFEST.RES
F:\C++TEST\JINGDONG\JINGDONG\DEBUG\JINGDONG.EXE.INTERMEDIATE.MANIFEST
F:\C++test\jingdong\jingdong\Debug\jingdong.vcxprojResolveAssemblyReference.cache
F:\C++test\jingdong\jingdong\Debug\jingdong.write.1.tlog
F:\C++test\jingdong\jingdong\Debug\jingdong_manifest.rc
F:\C++test\jingdong\jingdong\Debug\link.18248.read.1.tlog
F:\C++test\jingdong\jingdong\Debug\link.18248.write.1.tlog
F:\C++test\jingdong\jingdong\Debug\link.18248-cvtres.read.1.tlog
F:\C++test\jingdong\jingdong\Debug\link.18248-cvtres.write.1.tlog
F:\C++test\jingdong\jingdong\Debug\link.command.1.tlog
F:\C++test\jingdong\jingdong\Debug\link.read.1.tlog
F:\C++test\jingdong\jingdong\Debug\link.write.1.tlog
F:\C++test\jingdong\jingdong\Debug\link-cvtres.read.1.tlog
F:\C++test\jingdong\jingdong\Debug\link-cvtres.write.1.tlog
F:\C++TEST\JINGDONG\JINGDONG\DEBUG\MAIN.OBJ
F:\C++test\jingdong\jingdong\Debug\mt.command.1.tlog
F:\C++test\jingdong\jingdong\Debug\mt.read.1.tlog
F:\C++test\jingdong\jingdong\Debug\mt.write.1.tlog
F:\C++test\jingdong\jingdong\Debug\rc.command.1.tlog
F:\C++test\jingdong\jingdong\Debug\rc.read.1.tlog
F:\C++test\jingdong\jingdong\Debug\rc.write.1.tlog
F:\C++test\jingdong\jingdong\Debug\vc100.idb
F:\C++TEST\JINGDONG\JINGDONG\DEBUG\VC100.PDB
