F:\C++test\git\test\offer\Debug\offer.exe
F:\C++test\git\test\offer\Debug\offer.ilk
F:\C++test\git\test\offer\Debug\offer.pdb
F:\C++test\git\test\offer\offer\Debug\cl.command.1.tlog
F:\C++test\git\test\offer\offer\Debug\CL.read.1.tlog
F:\C++test\git\test\offer\offer\Debug\CL.write.1.tlog
F:\C++test\git\test\offer\offer\Debug\link.10128.read.1.tlog
F:\C++test\git\test\offer\offer\Debug\link.10128.write.1.tlog
F:\C++test\git\test\offer\offer\Debug\link.10128-cvtres.read.1.tlog
F:\C++test\git\test\offer\offer\Debug\link.10128-cvtres.write.1.tlog
F:\C++test\git\test\offer\offer\Debug\link.1308.read.1.tlog
F:\C++test\git\test\offer\offer\Debug\link.1308.write.1.tlog
F:\C++test\git\test\offer\offer\Debug\link.1308-cvtres.read.1.tlog
F:\C++test\git\test\offer\offer\Debug\link.1308-cvtres.write.1.tlog
F:\C++test\git\test\offer\offer\Debug\link.2124.read.1.tlog
F:\C++test\git\test\offer\offer\Debug\link.2124.write.1.tlog
F:\C++test\git\test\offer\offer\Debug\link.2124-cvtres.read.1.tlog
F:\C++test\git\test\offer\offer\Debug\link.2124-cvtres.write.1.tlog
F:\C++test\git\test\offer\offer\Debug\link.2400.read.1.tlog
F:\C++test\git\test\offer\offer\Debug\link.2400.write.1.tlog
F:\C++test\git\test\offer\offer\Debug\link.2400-cvtres.read.1.tlog
F:\C++test\git\test\offer\offer\Debug\link.2400-cvtres.write.1.tlog
F:\C++test\git\test\offer\offer\Debug\link.3552.read.1.tlog
F:\C++test\git\test\offer\offer\Debug\link.3552.write.1.tlog
F:\C++test\git\test\offer\offer\Debug\link.3552-cvtres.read.1.tlog
F:\C++test\git\test\offer\offer\Debug\link.3552-cvtres.write.1.tlog
F:\C++test\git\test\offer\offer\Debug\link.3844.read.1.tlog
F:\C++test\git\test\offer\offer\Debug\link.3844.write.1.tlog
F:\C++test\git\test\offer\offer\Debug\link.3844-cvtres.read.1.tlog
F:\C++test\git\test\offer\offer\Debug\link.3844-cvtres.write.1.tlog
F:\C++test\git\test\offer\offer\Debug\link.4080.read.1.tlog
F:\C++test\git\test\offer\offer\Debug\link.4080.write.1.tlog
F:\C++test\git\test\offer\offer\Debug\link.4080-cvtres.read.1.tlog
F:\C++test\git\test\offer\offer\Debug\link.4080-cvtres.write.1.tlog
F:\C++test\git\test\offer\offer\Debug\link.5340.read.1.tlog
F:\C++test\git\test\offer\offer\Debug\link.5340.write.1.tlog
F:\C++test\git\test\offer\offer\Debug\link.5340-cvtres.read.1.tlog
F:\C++test\git\test\offer\offer\Debug\link.5340-cvtres.write.1.tlog
F:\C++test\git\test\offer\offer\Debug\link.5504.read.1.tlog
F:\C++test\git\test\offer\offer\Debug\link.5504.write.1.tlog
F:\C++test\git\test\offer\offer\Debug\link.5504-cvtres.read.1.tlog
F:\C++test\git\test\offer\offer\Debug\link.5504-cvtres.write.1.tlog
F:\C++test\git\test\offer\offer\Debug\link.5652.read.1.tlog
F:\C++test\git\test\offer\offer\Debug\link.5652.write.1.tlog
F:\C++test\git\test\offer\offer\Debug\link.5652-cvtres.read.1.tlog
F:\C++test\git\test\offer\offer\Debug\link.5652-cvtres.write.1.tlog
F:\C++test\git\test\offer\offer\Debug\link.5712.read.1.tlog
F:\C++test\git\test\offer\offer\Debug\link.5712.write.1.tlog
F:\C++test\git\test\offer\offer\Debug\link.5712-cvtres.read.1.tlog
F:\C++test\git\test\offer\offer\Debug\link.5712-cvtres.write.1.tlog
F:\C++test\git\test\offer\offer\Debug\link.5776.read.1.tlog
F:\C++test\git\test\offer\offer\Debug\link.5776.write.1.tlog
F:\C++test\git\test\offer\offer\Debug\link.5776-cvtres.read.1.tlog
F:\C++test\git\test\offer\offer\Debug\link.5776-cvtres.write.1.tlog
F:\C++test\git\test\offer\offer\Debug\link.5788.read.1.tlog
F:\C++test\git\test\offer\offer\Debug\link.5788.write.1.tlog
F:\C++test\git\test\offer\offer\Debug\link.5788-cvtres.read.1.tlog
F:\C++test\git\test\offer\offer\Debug\link.5788-cvtres.write.1.tlog
F:\C++test\git\test\offer\offer\Debug\link.5988.read.1.tlog
F:\C++test\git\test\offer\offer\Debug\link.5988.write.1.tlog
F:\C++test\git\test\offer\offer\Debug\link.5988-cvtres.read.1.tlog
F:\C++test\git\test\offer\offer\Debug\link.5988-cvtres.write.1.tlog
F:\C++test\git\test\offer\offer\Debug\link.6040.read.1.tlog
F:\C++test\git\test\offer\offer\Debug\link.6040.write.1.tlog
F:\C++test\git\test\offer\offer\Debug\link.6040-cvtres.read.1.tlog
F:\C++test\git\test\offer\offer\Debug\link.6040-cvtres.write.1.tlog
F:\C++test\git\test\offer\offer\Debug\link.6076.read.1.tlog
F:\C++test\git\test\offer\offer\Debug\link.6076.write.1.tlog
F:\C++test\git\test\offer\offer\Debug\link.6076-cvtres.read.1.tlog
F:\C++test\git\test\offer\offer\Debug\link.6076-cvtres.write.1.tlog
F:\C++test\git\test\offer\offer\Debug\link.6112.read.1.tlog
F:\C++test\git\test\offer\offer\Debug\link.6112.write.1.tlog
F:\C++test\git\test\offer\offer\Debug\link.6112-cvtres.read.1.tlog
F:\C++test\git\test\offer\offer\Debug\link.6112-cvtres.write.1.tlog
F:\C++test\git\test\offer\offer\Debug\link.6416.read.1.tlog
F:\C++test\git\test\offer\offer\Debug\link.6416.write.1.tlog
F:\C++test\git\test\offer\offer\Debug\link.6416-cvtres.read.1.tlog
F:\C++test\git\test\offer\offer\Debug\link.6416-cvtres.write.1.tlog
F:\C++test\git\test\offer\offer\Debug\link.6424.read.1.tlog
F:\C++test\git\test\offer\offer\Debug\link.6424.write.1.tlog
F:\C++test\git\test\offer\offer\Debug\link.6424-cvtres.read.1.tlog
F:\C++test\git\test\offer\offer\Debug\link.6424-cvtres.write.1.tlog
F:\C++test\git\test\offer\offer\Debug\link.6508.read.1.tlog
F:\C++test\git\test\offer\offer\Debug\link.6508.write.1.tlog
F:\C++test\git\test\offer\offer\Debug\link.6508-cvtres.read.1.tlog
F:\C++test\git\test\offer\offer\Debug\link.6508-cvtres.write.1.tlog
F:\C++test\git\test\offer\offer\Debug\link.6524.read.1.tlog
F:\C++test\git\test\offer\offer\Debug\link.6524.write.1.tlog
F:\C++test\git\test\offer\offer\Debug\link.6524-cvtres.read.1.tlog
F:\C++test\git\test\offer\offer\Debug\link.6524-cvtres.write.1.tlog
F:\C++test\git\test\offer\offer\Debug\link.6532.read.1.tlog
F:\C++test\git\test\offer\offer\Debug\link.6532.write.1.tlog
F:\C++test\git\test\offer\offer\Debug\link.6532-cvtres.read.1.tlog
F:\C++test\git\test\offer\offer\Debug\link.6532-cvtres.write.1.tlog
F:\C++test\git\test\offer\offer\Debug\link.6616.read.1.tlog
F:\C++test\git\test\offer\offer\Debug\link.6616.write.1.tlog
F:\C++test\git\test\offer\offer\Debug\link.6616-cvtres.read.1.tlog
F:\C++test\git\test\offer\offer\Debug\link.6616-cvtres.write.1.tlog
F:\C++test\git\test\offer\offer\Debug\link.6792.read.1.tlog
F:\C++test\git\test\offer\offer\Debug\link.6792.write.1.tlog
F:\C++test\git\test\offer\offer\Debug\link.6792-cvtres.read.1.tlog
F:\C++test\git\test\offer\offer\Debug\link.6792-cvtres.write.1.tlog
F:\C++test\git\test\offer\offer\Debug\link.7008.read.1.tlog
F:\C++test\git\test\offer\offer\Debug\link.7008.write.1.tlog
F:\C++test\git\test\offer\offer\Debug\link.7008-cvtres.read.1.tlog
F:\C++test\git\test\offer\offer\Debug\link.7008-cvtres.write.1.tlog
F:\C++test\git\test\offer\offer\Debug\link.7032.read.1.tlog
F:\C++test\git\test\offer\offer\Debug\link.7032.write.1.tlog
F:\C++test\git\test\offer\offer\Debug\link.7032-cvtres.read.1.tlog
F:\C++test\git\test\offer\offer\Debug\link.7032-cvtres.write.1.tlog
F:\C++test\git\test\offer\offer\Debug\link.7056.read.1.tlog
F:\C++test\git\test\offer\offer\Debug\link.7056.write.1.tlog
F:\C++test\git\test\offer\offer\Debug\link.7056-cvtres.read.1.tlog
F:\C++test\git\test\offer\offer\Debug\link.7056-cvtres.write.1.tlog
F:\C++test\git\test\offer\offer\Debug\link.7088.read.1.tlog
F:\C++test\git\test\offer\offer\Debug\link.7088.write.1.tlog
F:\C++test\git\test\offer\offer\Debug\link.7088-cvtres.read.1.tlog
F:\C++test\git\test\offer\offer\Debug\link.7088-cvtres.write.1.tlog
F:\C++test\git\test\offer\offer\Debug\link.7620.read.1.tlog
F:\C++test\git\test\offer\offer\Debug\link.7620.write.1.tlog
F:\C++test\git\test\offer\offer\Debug\link.7620-cvtres.read.1.tlog
F:\C++test\git\test\offer\offer\Debug\link.7620-cvtres.write.1.tlog
F:\C++test\git\test\offer\offer\Debug\link.7812.read.1.tlog
F:\C++test\git\test\offer\offer\Debug\link.7812.write.1.tlog
F:\C++test\git\test\offer\offer\Debug\link.7812-cvtres.read.1.tlog
F:\C++test\git\test\offer\offer\Debug\link.7812-cvtres.write.1.tlog
F:\C++test\git\test\offer\offer\Debug\link.8324.read.1.tlog
F:\C++test\git\test\offer\offer\Debug\link.8324.write.1.tlog
F:\C++test\git\test\offer\offer\Debug\link.8324-cvtres.read.1.tlog
F:\C++test\git\test\offer\offer\Debug\link.8324-cvtres.write.1.tlog
F:\C++test\git\test\offer\offer\Debug\link.8524.read.1.tlog
F:\C++test\git\test\offer\offer\Debug\link.8524.write.1.tlog
F:\C++test\git\test\offer\offer\Debug\link.8524-cvtres.read.1.tlog
F:\C++test\git\test\offer\offer\Debug\link.8524-cvtres.write.1.tlog
F:\C++test\git\test\offer\offer\Debug\link.8792.read.1.tlog
F:\C++test\git\test\offer\offer\Debug\link.8792.write.1.tlog
F:\C++test\git\test\offer\offer\Debug\link.8792-cvtres.read.1.tlog
F:\C++test\git\test\offer\offer\Debug\link.8792-cvtres.write.1.tlog
F:\C++test\git\test\offer\offer\Debug\link.8976.read.1.tlog
F:\C++test\git\test\offer\offer\Debug\link.8976.write.1.tlog
F:\C++test\git\test\offer\offer\Debug\link.8976-cvtres.read.1.tlog
F:\C++test\git\test\offer\offer\Debug\link.8976-cvtres.write.1.tlog
F:\C++test\git\test\offer\offer\Debug\link.9912.read.1.tlog
F:\C++test\git\test\offer\offer\Debug\link.9912.write.1.tlog
F:\C++test\git\test\offer\offer\Debug\link.9912-cvtres.read.1.tlog
F:\C++test\git\test\offer\offer\Debug\link.9912-cvtres.write.1.tlog
F:\C++test\git\test\offer\offer\Debug\link.command.1.tlog
F:\C++test\git\test\offer\offer\Debug\link.read.1.tlog
F:\C++test\git\test\offer\offer\Debug\link.write.1.tlog
F:\C++test\git\test\offer\offer\Debug\link-cvtres.read.1.tlog
F:\C++test\git\test\offer\offer\Debug\link-cvtres.write.1.tlog
F:\C++test\git\test\offer\offer\Debug\main.obj
F:\C++test\git\test\offer\offer\Debug\mt.command.1.tlog
F:\C++test\git\test\offer\offer\Debug\mt.read.1.tlog
F:\C++test\git\test\offer\offer\Debug\mt.write.1.tlog
F:\C++test\git\test\offer\offer\Debug\offer.exe.embed.manifest
F:\C++test\git\test\offer\offer\Debug\offer.exe.embed.manifest.res
F:\C++test\git\test\offer\offer\Debug\offer.exe.intermediate.manifest
F:\C++test\git\test\offer\offer\Debug\offer.vcxprojResolveAssemblyReference.cache
F:\C++test\git\test\offer\offer\Debug\offer.write.1.tlog
F:\C++test\git\test\offer\offer\Debug\offer_manifest.rc
F:\C++test\git\test\offer\offer\Debug\rc.command.1.tlog
F:\C++test\git\test\offer\offer\Debug\rc.read.1.tlog
F:\C++test\git\test\offer\offer\Debug\rc.write.1.tlog
F:\C++test\git\test\offer\offer\Debug\vc100.idb
F:\C++test\git\test\offer\offer\Debug\vc100.pdb
F:\C++TEST\LESSON\TEST\OFFER\DEBUG\OFFER.EXE
F:\C++TEST\LESSON\TEST\OFFER\DEBUG\OFFER.ILK
F:\C++TEST\LESSON\TEST\OFFER\DEBUG\OFFER.PDB
F:\C++TEST\LESSON\TEST\OFFER\OFFER\DEBUG\MAIN.OBJ
F:\C++TEST\LESSON\TEST\OFFER\OFFER\DEBUG\OFFER.EXE.EMBED.MANIFEST
F:\C++TEST\LESSON\TEST\OFFER\OFFER\DEBUG\OFFER.EXE.EMBED.MANIFEST.RES
F:\C++TEST\LESSON\TEST\OFFER\OFFER\DEBUG\OFFER.EXE.INTERMEDIATE.MANIFEST
F:\C++TEST\LESSON\TEST\OFFER\OFFER\DEBUG\VC100.PDB
