F:\C++TEST\SOGOU\DEBUG\SOGOU.EXE
F:\C++TEST\SOGOU\DEBUG\SOGOU.ILK
F:\C++TEST\SOGOU\DEBUG\SOGOU.PDB
F:\C++test\sogou\sogou\Debug\cl.command.1.tlog
F:\C++test\sogou\sogou\Debug\CL.read.1.tlog
F:\C++test\sogou\sogou\Debug\CL.write.1.tlog
F:\C++test\sogou\sogou\Debug\link.20292.read.1.tlog
F:\C++test\sogou\sogou\Debug\link.20292.write.1.tlog
F:\C++test\sogou\sogou\Debug\link.20292-cvtres.read.1.tlog
F:\C++test\sogou\sogou\Debug\link.20292-cvtres.write.1.tlog
F:\C++test\sogou\sogou\Debug\link.command.1.tlog
F:\C++test\sogou\sogou\Debug\link.read.1.tlog
F:\C++test\sogou\sogou\Debug\link.write.1.tlog
F:\C++test\sogou\sogou\Debug\link-cvtres.read.1.tlog
F:\C++test\sogou\sogou\Debug\link-cvtres.write.1.tlog
F:\C++TEST\SOGOU\SOGOU\DEBUG\MAIN.OBJ
F:\C++test\sogou\sogou\Debug\mt.command.1.tlog
F:\C++test\sogou\sogou\Debug\mt.read.1.tlog
F:\C++test\sogou\sogou\Debug\mt.write.1.tlog
F:\C++test\sogou\sogou\Debug\rc.command.1.tlog
F:\C++test\sogou\sogou\Debug\rc.read.1.tlog
F:\C++test\sogou\sogou\Debug\rc.write.1.tlog
F:\C++TEST\SOGOU\SOGOU\DEBUG\SOGOU.EXE.EMBED.MANIFEST
F:\C++TEST\SOGOU\SOGOU\DEBUG\SOGOU.EXE.EMBED.MANIFEST.RES
F:\C++TEST\SOGOU\SOGOU\DEBUG\SOGOU.EXE.INTERMEDIATE.MANIFEST
F:\C++test\sogou\sogou\Debug\sogou.vcxprojResolveAssemblyReference.cache
F:\C++test\sogou\sogou\Debug\sogou.write.1.tlog
F:\C++test\sogou\sogou\Debug\sogou_manifest.rc
F:\C++test\sogou\sogou\Debug\vc100.idb
F:\C++TEST\SOGOU\SOGOU\DEBUG\VC100.PDB
